2022-11-03 11:49:08,093 INFO org.springframework.boot.StartupInfoLogger [restartedMain] Starting BioskopApiApplication using Java 11.0.17 on DESKTOP-GP7DHUM with PID 10572 (C:\Users\Farha\OneDrive\Documents\coba ciCd\farhannuryadi_reservasi_bioskop\target\classes started by Farha in C:\Users\Farha\OneDrive\Documents\coba ciCd\farhannuryadi_reservasi_bioskop)
2022-11-03 11:49:08,101 DEBUG org.springframework.boot.StartupInfoLogger [restartedMain] Running with Spring Boot v2.7.3, Spring v5.3.22
2022-11-03 11:49:08,103 INFO org.springframework.boot.SpringApplication [restartedMain] No active profile set, falling back to 1 default profile: "default"
2022-11-03 11:49:33,571 DEBUG org.springframework.web.filter.GenericFilterBean [restartedMain] Filter 'authenticationJwtTokenFilter' configured for use
2022-11-03 11:49:42,176 INFO org.springframework.boot.StartupInfoLogger [restartedMain] Started BioskopApiApplication in 36.301 seconds (JVM running for 45.218)
2022-11-03 12:15:36,445 INFO org.springframework.boot.StartupInfoLogger [restartedMain] Starting BioskopApiApplication using Java 11.0.17 on DESKTOP-GP7DHUM with PID 17844 (C:\Users\Farha\OneDrive\Documents\coba ciCd\farhannuryadi_reservasi_bioskop\target\classes started by Farha in C:\Users\Farha\OneDrive\Documents\coba ciCd\farhannuryadi_reservasi_bioskop)
2022-11-03 12:15:36,451 DEBUG org.springframework.boot.StartupInfoLogger [restartedMain] Running with Spring Boot v2.7.3, Spring v5.3.22
2022-11-03 12:15:36,453 INFO org.springframework.boot.SpringApplication [restartedMain] No active profile set, falling back to 1 default profile: "default"
2022-11-03 12:15:58,371 DEBUG org.springframework.web.filter.GenericFilterBean [restartedMain] Filter 'authenticationJwtTokenFilter' configured for use
2022-11-03 12:16:07,415 INFO org.springframework.boot.StartupInfoLogger [restartedMain] Started BioskopApiApplication in 32.18 seconds (JVM running for 34.174)
2022-11-03 12:23:10,921 INFO org.springframework.boot.StartupInfoLogger [restartedMain] Starting BioskopApiApplication using Java 11.0.17 on DESKTOP-GP7DHUM with PID 7140 (C:\Users\Farha\OneDrive\Documents\coba ciCd\farhannuryadi_reservasi_bioskop\target\classes started by Farha in C:\Users\Farha\OneDrive\Documents\coba ciCd\farhannuryadi_reservasi_bioskop)
2022-11-03 12:23:10,961 DEBUG org.springframework.boot.StartupInfoLogger [restartedMain] Running with Spring Boot v2.7.3, Spring v5.3.22
2022-11-03 12:23:10,963 INFO org.springframework.boot.SpringApplication [restartedMain] No active profile set, falling back to 1 default profile: "default"
2022-11-03 12:23:25,041 DEBUG org.springframework.web.filter.GenericFilterBean [restartedMain] Filter 'authenticationJwtTokenFilter' configured for use
2022-11-03 12:23:32,022 INFO org.springframework.boot.StartupInfoLogger [restartedMain] Started BioskopApiApplication in 22.328 seconds (JVM running for 25.188)
2022-11-03 12:26:39,292 INFO org.springframework.boot.StartupInfoLogger [restartedMain] Starting BioskopApiApplication using Java 11.0.17 on DESKTOP-GP7DHUM with PID 9332 (C:\Users\Farha\OneDrive\Documents\coba ciCd\farhannuryadi_reservasi_bioskop\target\classes started by Farha in C:\Users\Farha\OneDrive\Documents\coba ciCd\farhannuryadi_reservasi_bioskop)
2022-11-03 12:26:39,302 DEBUG org.springframework.boot.StartupInfoLogger [restartedMain] Running with Spring Boot v2.7.3, Spring v5.3.22
2022-11-03 12:26:39,304 INFO org.springframework.boot.SpringApplication [restartedMain] No active profile set, falling back to 1 default profile: "default"
2022-11-03 12:26:53,649 DEBUG org.springframework.web.filter.GenericFilterBean [restartedMain] Filter 'authenticationJwtTokenFilter' configured for use
2022-11-03 12:26:59,873 INFO org.springframework.boot.StartupInfoLogger [restartedMain] Started BioskopApiApplication in 21.67 seconds (JVM running for 24.766)
2022-11-03 23:17:14,656 INFO org.springframework.boot.StartupInfoLogger [restartedMain] Starting BioskopApiApplication using Java 11.0.17 on DESKTOP-GP7DHUM with PID 12848 (C:\Users\Farha\OneDrive\Documents\coba ciCd\farhannuryadi_reservasi_bioskop\target\classes started by Farha in C:\Users\Farha\OneDrive\Documents\coba ciCd\farhannuryadi_reservasi_bioskop)
2022-11-03 23:17:14,664 DEBUG org.springframework.boot.StartupInfoLogger [restartedMain] Running with Spring Boot v2.7.3, Spring v5.3.22
2022-11-03 23:17:14,672 INFO org.springframework.boot.SpringApplication [restartedMain] No active profile set, falling back to 1 default profile: "default"
2022-11-03 23:17:37,545 DEBUG org.springframework.web.filter.GenericFilterBean [restartedMain] Filter 'authenticationJwtTokenFilter' configured for use
2022-11-03 23:17:44,749 INFO org.springframework.boot.StartupInfoLogger [restartedMain] Started BioskopApiApplication in 31.921 seconds (JVM running for 36.604)
2022-11-03 23:20:10,490 INFO org.springframework.boot.StartupInfoLogger [restartedMain] Starting BioskopApiApplication using Java 11.0.17 on DESKTOP-GP7DHUM with PID 3424 (C:\Users\Farha\OneDrive\Documents\coba ciCd\farhannuryadi_reservasi_bioskop\target\classes started by Farha in C:\Users\Farha\OneDrive\Documents\coba ciCd\farhannuryadi_reservasi_bioskop)
2022-11-03 23:20:10,497 DEBUG org.springframework.boot.StartupInfoLogger [restartedMain] Running with Spring Boot v2.7.3, Spring v5.3.22
2022-11-03 23:20:10,498 INFO org.springframework.boot.SpringApplication [restartedMain] No active profile set, falling back to 1 default profile: "default"
2022-11-03 23:20:23,186 DEBUG org.springframework.web.filter.GenericFilterBean [restartedMain] Filter 'authenticationJwtTokenFilter' configured for use
2022-11-03 23:20:28,809 INFO org.springframework.boot.StartupInfoLogger [restartedMain] Started BioskopApiApplication in 19.425 seconds (JVM running for 21.738)
2022-11-03 23:46:52,149 INFO org.springframework.boot.StartupInfoLogger [restartedMain] Starting BioskopApiApplication using Java 11.0.17 on DESKTOP-GP7DHUM with PID 12648 (C:\Users\Farha\OneDrive\Documents\coba ciCd\farhannuryadi_reservasi_bioskop\target\classes started by Farha in C:\Users\Farha\OneDrive\Documents\coba ciCd\farhannuryadi_reservasi_bioskop)
2022-11-03 23:46:52,162 DEBUG org.springframework.boot.StartupInfoLogger [restartedMain] Running with Spring Boot v2.7.3, Spring v5.3.22
2022-11-03 23:46:52,164 INFO org.springframework.boot.SpringApplication [restartedMain] No active profile set, falling back to 1 default profile: "default"
2022-11-03 23:47:05,981 DEBUG org.springframework.web.filter.GenericFilterBean [restartedMain] Filter 'authenticationJwtTokenFilter' configured for use
2022-11-03 23:47:11,911 INFO org.springframework.boot.StartupInfoLogger [restartedMain] Started BioskopApiApplication in 21.131 seconds (JVM running for 23.803)
